2025-05-12 15:40:43.258  INFO 11224 --- [restartedMain] com.ssgpack.ssgfc.SsgfcApplication       : Starting SsgfcApplication using Java 11.0.26 on DESKTOP-1J057I8 with PID 11224 (D:\FULLSTACK\java_2025\springboot2025\ssgfc_aws\target\classes started by tj-bu-703-15 in D:\FULLSTACK\java_2025\springboot2025\ssgfc_aws)
2025-05-12 15:40:43.263 DEBUG 11224 --- [restartedMain] com.ssgpack.ssgfc.SsgfcApplication       : Running with Spring Boot v2.7.14, Spring v5.3.29
2025-05-12 15:40:43.264  INFO 11224 --- [restartedMain] com.ssgpack.ssgfc.SsgfcApplication       : No active profile set, falling back to 1 default profile: "default"
2025-05-12 15:40:43.820  INFO 11224 --- [restartedMain] .e.DevToolsPropertyDefaultsPostProcessor : Devtools property defaults active! Set 'spring.devtools.add-properties' to 'false' to disable
2025-05-12 15:40:43.825  INFO 11224 --- [restartedMain] .e.DevToolsPropertyDefaultsPostProcessor : For additional web related logging consider setting the 'logging.level.web' property to 'DEBUG'
2025-05-12 15:40:44.655  INFO 11224 --- [restartedMain] .s.d.r.c.RepositoryConfigurationDelegate : Bootstrapping Spring Data JPA repositories in DEFAULT mode.
2025-05-12 15:40:44.761  INFO 11224 --- [restartedMain] .s.d.r.c.RepositoryConfigurationDelegate : Finished Spring Data repository scanning in 96 ms. Found 14 JPA repository interfaces.
2025-05-12 15:40:45.415  INFO 11224 --- [restartedMain] o.s.b.w.embedded.tomcat.TomcatWebServer  : Tomcat initialized with port(s): 8080 (http)
2025-05-12 15:40:45.426  INFO 11224 --- [restartedMain] o.apache.catalina.core.StandardService   : Starting service [Tomcat]
2025-05-12 15:40:45.426  INFO 11224 --- [restartedMain] org.apache.catalina.core.StandardEngine  : Starting Servlet engine: [Apache Tomcat/9.0.78]
2025-05-12 15:40:45.534  INFO 11224 --- [restartedMain] o.a.c.c.C.[Tomcat].[localhost].[/]       : Initializing Spring embedded WebApplicationContext
2025-05-12 15:40:45.534  INFO 11224 --- [restartedMain] w.s.c.ServletWebServerApplicationContext : Root WebApplicationContext: initialization completed in 1709 ms
2025-05-12 15:40:45.570  INFO 11224 --- [restartedMain] com.zaxxer.hikari.HikariDataSource       : HikariPool-1 - Starting...
2025-05-12 15:40:45.887  INFO 11224 --- [restartedMain] com.zaxxer.hikari.HikariDataSource       : HikariPool-1 - Start completed.
2025-05-12 15:40:45.897  INFO 11224 --- [restartedMain] o.s.b.a.h2.H2ConsoleAutoConfiguration    : H2 console available at '/h2-console'. Database available at 'jdbc:mysql://localhost:3306/ssgfc'
2025-05-12 15:40:46.045  INFO 11224 --- [restartedMain] o.hibernate.jpa.internal.util.LogHelper  : HHH000204: Processing PersistenceUnitInfo [name: default]
2025-05-12 15:40:46.110  INFO 11224 --- [restartedMain] org.hibernate.Version                    : HHH000412: Hibernate ORM core version 5.6.15.Final
2025-05-12 15:40:46.288  INFO 11224 --- [restartedMain] o.hibernate.annotations.common.Version   : HCANN000001: Hibernate Commons Annotations {5.1.2.Final}
2025-05-12 15:40:46.413  INFO 11224 --- [restartedMain] org.hibernate.dialect.Dialect            : HHH000400: Using dialect: org.hibernate.dialect.MySQL8Dialect
2025-05-12 15:40:47.497  INFO 11224 --- [restartedMain] o.h.e.t.j.p.i.JtaPlatformInitiator       : HHH000490: Using JtaPlatform implementation: [org.hibernate.engine.transaction.jta.platform.internal.NoJtaPlatform]
2025-05-12 15:40:47.507  INFO 11224 --- [restartedMain] j.LocalContainerEntityManagerFactoryBean : Initialized JPA EntityManagerFactory for persistence unit 'default'
2025-05-12 15:40:48.857  INFO 11224 --- [restartedMain] o.s.s.web.DefaultSecurityFilterChain     : Will secure any request with [org.springframework.security.web.session.DisableEncodeUrlFilter@2fec4c40, org.springframework.security.web.context.request.async.WebAsyncManagerIntegrationFilter@6d8e0033, org.springframework.security.web.context.SecurityContextPersistenceFilter@4a6b621c, org.springframework.security.web.header.HeaderWriterFilter@59ff470c, org.springframework.security.web.authentication.logout.LogoutFilter@6a1eaeff, org.springframework.security.oauth2.client.web.OAuth2AuthorizationRequestRedirectFilter@18ab4177, org.springframework.security.oauth2.client.web.OAuth2LoginAuthenticationFilter@324b5d33, org.springframework.security.web.savedrequest.RequestCacheAwareFilter@2b42619d, org.springframework.security.web.servletapi.SecurityContextHolderAwareRequestFilter@2021bf31, org.springframework.security.web.authentication.AnonymousAuthenticationFilter@5446a74, org.springframework.security.web.session.SessionManagementFilter@362b1b52, org.springframework.security.web.access.ExceptionTranslationFilter@20cf91c6, org.springframework.security.web.access.intercept.FilterSecurityInterceptor@1b3dd0ff]
2025-05-12 15:40:48.923  WARN 11224 --- [restartedMain] JpaBaseConfiguration$JpaWebConfiguration : spring.jpa.open-in-view is enabled by default. Therefore, database queries may be performed during view rendering. Explicitly configure spring.jpa.open-in-view to disable this warning
2025-05-12 15:40:49.499  INFO 11224 --- [restartedMain] o.s.b.d.a.OptionalLiveReloadServer       : LiveReload server is running on port 35729
2025-05-12 15:40:49.547  INFO 11224 --- [restartedMain] o.s.b.w.embedded.tomcat.TomcatWebServer  : Tomcat started on port(s): 8080 (http) with context path ''
2025-05-12 15:40:49.557  INFO 11224 --- [restartedMain] com.ssgpack.ssgfc.SsgfcApplication       : Started SsgfcApplication in 6.77 seconds (JVM running for 7.609)
2025-05-12 15:41:01.804  INFO 11224 --- [http-nio-8080-exec-1] o.a.c.c.C.[Tomcat].[localhost].[/]       : Initializing Spring DispatcherServlet 'dispatcherServlet'
2025-05-12 15:41:01.806  INFO 11224 --- [http-nio-8080-exec-1] o.s.web.servlet.DispatcherServlet        : Initializing Servlet 'dispatcherServlet'
2025-05-12 15:41:01.808  INFO 11224 --- [http-nio-8080-exec-1] o.s.web.servlet.DispatcherServlet        : Completed initialization in 2 ms
2025-05-12 15:43:40.300  INFO 11224 --- [RMI TCP Connection(2)-127.0.0.1] inMXBeanRegistrar$SpringApplicationAdmin : Application shutdown requested.
2025-05-12 15:43:40.321  INFO 11224 --- [RMI TCP Connection(2)-127.0.0.1] o.apache.catalina.core.StandardService   : Stopping service [Tomcat]
2025-05-12 15:43:40.325  INFO 11224 --- [RMI TCP Connection(2)-127.0.0.1] o.a.c.c.C.[Tomcat].[localhost].[/]       : Destroying Spring FrameworkServlet 'dispatcherServlet'
2025-05-12 15:43:40.341  INFO 11224 --- [RMI TCP Connection(2)-127.0.0.1] j.LocalContainerEntityManagerFactoryBean : Closing JPA EntityManagerFactory for persistence unit 'default'
2025-05-12 15:43:40.344  INFO 11224 --- [RMI TCP Connection(2)-127.0.0.1] com.zaxxer.hikari.HikariDataSource       : HikariPool-1 - Shutdown initiated...
2025-05-12 15:43:40.357  INFO 11224 --- [RMI TCP Connection(2)-127.0.0.1] com.zaxxer.hikari.HikariDataSource       : HikariPool-1 - Shutdown completed.
